<?xml version="1.0" encoding="UTF-8"?>
<!-- Generated by org.testng.reporters.JUnitReportReporter -->
<testsuite hostname="HP" failures="0" tests="2" name="testpkg.Firstpagetest" time="6.252" errors="0" timestamp="2024-04-02T23:59:43 IST" skipped="0">
  <testcase classname="testpkg.Firstpagetest" name="test2" time="4.041"/>
  <testcase classname="testpkg.Firstpagetest" name="test" time="2.211"/>
</testsuite> <!-- testpkg.Firstpagetest -->
