<?xml version="1.0" encoding="UTF-8"?>
<!-- Generated by org.testng.reporters.JUnitReportReporter -->
<testsuite hostname="HP" failures="0" tests="1" name="testpkg.Thirdpagetest" time="2.259" errors="0" timestamp="2024-04-19T21:13:14 IST" skipped="0">
  <testcase classname="testpkg.Thirdpagetest" name="test" time="2.259"/>
</testsuite> <!-- testpkg.Thirdpagetest -->
